2026-02-22 08:44:54,688 - nexus_db_init - ERROR - ЪЇАмгяОф: PRAGMA synchronous = NORMAL;...
2026-02-22 08:48:36,297 - nexus_db_init - INFO - [ХфжУ] Ъ§ОнПтадФмгХЛЏХфжУЭъГЩ
2026-02-22 08:48:36,297 - nexus_db_init - INFO - [ГЩЙІ] ГЩЙІСЌНгЕНЪ§ОнПт: nexus_storage\data\nexusai.db
2026-02-22 08:48:36,297 - nexus_db_init - INFO - [ЖСШЁ] ГЩЙІЖСШЁМмЙЙЮФМў: nexus_storage\sql\schema.sql
2026-02-22 08:48:36,299 - nexus_db_init - ERROR - [ДэЮѓ] SQL гяОфжДааЪЇАм (гяОф 7): no such table: main.sessions
2026-02-22 08:48:36,299 - nexus_db_init - ERROR - ЪЇАмгяОф: CREATE INDEX IF NOT EXISTS idx_sessions_status ON sessions(status);...
2026-02-22 08:49:33,345 - nexus_db_init - INFO - [ХфжУ] Ъ§ОнПтадФмгХЛЏХфжУЭъГЩ
2026-02-22 08:49:33,346 - nexus_db_init - INFO - [ГЩЙІ] ГЩЙІСЌНгЕНЪ§ОнПт: nexus_storage\data\nexusai.db
2026-02-22 08:49:33,353 - nexus_db_init - INFO - [ЖСШЁ] ГЩЙІЖСШЁМмЙЙЮФМў: nexus_storage\sql\schema.sql
2026-02-22 08:49:33,355 - nexus_db_init - ERROR - [ДэЮѓ] SQL гяОфжДааЪЇАм (гяОф 9): cannot commit - no transaction is active
2026-02-22 08:49:33,355 - nexus_db_init - ERROR - ЪЇАмгяОф: END;...
2026-02-22 08:50:06,217 - nexus_db_init - INFO - [ХфжУ] Ъ§ОнПтадФмгХЛЏХфжУЭъГЩ
2026-02-22 08:50:06,217 - nexus_db_init - INFO - [ГЩЙІ] ГЩЙІСЌНгЕНЪ§ОнПт: nexus_storage\data\nexusai.db
2026-02-22 08:50:06,218 - nexus_db_init - INFO - [ЖСШЁ] ГЩЙІЖСШЁМмЙЙЮФМў: nexus_storage\sql\schema.sql
2026-02-22 08:50:06,220 - nexus_db_init - ERROR - [ДэЮѓ] SQL гяОфжДааЪЇАм (гяОф 6): near "EACH": syntax error
2026-02-22 08:50:06,221 - nexus_db_init - ERROR - ЪЇАмгяОф: CREATE TRIGGER IF NOT EXISTS update_session_timestampAFTER UPDATE ON sessionsFOR EACH ROWBEGIN    UPDATE sessions SET updated_at = CURRENT_TIMESTAMP WHERE id = NEW.id;...
2026-02-22 08:50:41,764 - nexus_db_init - INFO - [ХфжУ] Ъ§ОнПтадФмгХЛЏХфжУЭъГЩ
2026-02-22 08:50:41,764 - nexus_db_init - INFO - [ГЩЙІ] ГЩЙІСЌНгЕНЪ§ОнПт: nexus_storage\data\nexusai.db
2026-02-22 08:50:41,765 - nexus_db_init - INFO - [ЖСШЁ] ГЩЙІЖСШЁМмЙЙЮФМў: nexus_storage\sql\schema.sql
2026-02-22 08:50:41,765 - nexus_db_init - ERROR - [ДэЮѓ] SQL гяОфжДааЪЇАм (гяОф 1): no such table: main.sessions
2026-02-22 08:50:41,765 - nexus_db_init - ERROR - ЪЇАмгяОф: CREATE INDEX IF NOT EXISTS idx_sessions_status ON sessions(status);...
2026-02-22 08:52:09,978 - nexus_db_init - INFO - [ХфжУ] Ъ§ОнПтадФмгХЛЏХфжУЭъГЩ
2026-02-22 08:52:09,978 - nexus_db_init - INFO - [ГЩЙІ] ГЩЙІСЌНгЕНЪ§ОнПт: nexus_storage\data\nexusai.db
2026-02-22 08:52:09,979 - nexus_db_init - INFO - [ЖСШЁ] ГЩЙІЖСШЁМмЙЙЮФМў: nexus_storage\sql\schema_simple.sql
2026-02-22 08:52:09,979 - nexus_db_init - ERROR - [ДэЮѓ] SQL гяОфжДааЪЇАм (гяОф 1): no such table: main.sessions
2026-02-22 08:52:09,979 - nexus_db_init - ERROR - ЪЇАмгяОф: CREATE INDEX IF NOT EXISTS idx_sessions_status ON sessions(status);...
2026-02-22 08:52:46,390 - nexus_db_init - INFO - [ХфжУ] Ъ§ОнПтадФмгХЛЏХфжУЭъГЩ
2026-02-22 08:52:46,391 - nexus_db_init - INFO - [ГЩЙІ] ГЩЙІСЌНгЕНЪ§ОнПт: nexus_storage\data\nexusai.db
2026-02-22 08:52:46,391 - nexus_db_init - INFO - [ЖСШЁ] ГЩЙІЖСШЁМмЙЙЮФМў: nexus_storage\sql\schema_simple.sql
2026-02-22 08:52:46,391 - nexus_db_init - ERROR - [ДэЮѓ] SQL гяОфжДааЪЇАм (гяОф 1): no such table: main.sessions
2026-02-22 08:52:46,391 - nexus_db_init - ERROR - ЪЇАмгяОф: CREATE INDEX IF NOT EXISTS idx_sessions_status ON sessions(status);...
2026-02-22 08:53:26,177 - nexus_db_init - INFO - [ХфжУ] Ъ§ОнПтадФмгХЛЏХфжУЭъГЩ
2026-02-22 08:53:26,178 - nexus_db_init - INFO - [ГЩЙІ] ГЩЙІСЌНгЕНЪ§ОнПт: nexus_storage\data\nexusai.db
2026-02-22 08:53:26,178 - nexus_db_init - INFO - [ЖСШЁ] ГЩЙІЖСШЁМмЙЙЮФМў: nexus_storage\sql\schema_simple.sql
2026-02-22 08:53:26,178 - nexus_db_init - ERROR - [ДэЮѓ] SQL гяОфжДааЪЇАм (гяОф 1): no such table: main.sessions
2026-02-22 08:53:26,178 - nexus_db_init - ERROR - ЪЇАмгяОф: CREATE INDEX IF NOT EXISTS idx_sessions_status ON sessions(status);...
2026-02-22 08:53:26,178 - nexus_db_init - ERROR - ЫљгагяОфСаБэ:
2026-02-22 08:53:26,179 - nexus_db_init - ERROR - гяОф 1: CREATE INDEX IF NOT EXISTS idx_sessions_status ON sessions(status);...
2026-02-22 08:53:26,179 - nexus_db_init - ERROR - гяОф 2: CREATE INDEX IF NOT EXISTS idx_sessions_created ON sessions(created_at);...
2026-02-22 08:53:26,179 - nexus_db_init - ERROR - гяОф 3: CREATE INDEX IF NOT EXISTS idx_sessions_updated ON sessions(updated_at);...
2026-02-22 08:53:26,179 - nexus_db_init - ERROR - гяОф 4: CREATE INDEX IF NOT EXISTS idx_sessions_last_active ON sessions(last_active_at);...
2026-02-22 08:53:26,179 - nexus_db_init - ERROR - гяОф 5: CREATE INDEX IF NOT EXISTS idx_sessions_uuid ON sessions(session_uuid);...
2026-02-22 08:53:26,179 - nexus_db_init - ERROR - гяОф 6: CREATE INDEX IF NOT EXISTS idx_messages_role ON messages(role);...
2026-02-22 08:53:26,179 - nexus_db_init - ERROR - гяОф 7: CREATE INDEX IF NOT EXISTS idx_messages_created ON messages(created_at);...
2026-02-22 08:53:26,179 - nexus_db_init - ERROR - гяОф 8: CREATE INDEX IF NOT EXISTS idx_messages_platform ON messages(platform_message_id);...
2026-02-22 08:53:26,179 - nexus_db_init - ERROR - гяОф 9: CREATE INDEX IF NOT EXISTS idx_messages_hash ON messages(content_hash);...
2026-02-22 08:53:26,180 - nexus_db_init - ERROR - гяОф 10: CREATE INDEX IF NOT EXISTS idx_vector_model ON vector_embeddings(embedding_model);...
2026-02-22 08:53:26,180 - nexus_db_init - ERROR - гяОф 11: INSERT OR IGNORE INTO messages (session_id, role, content, model_used, total_tokens) VALUES
(1, 'use...
2026-02-22 08:54:05,955 - nexus_db_init - INFO - [ХфжУ] Ъ§ОнПтадФмгХЛЏХфжУЭъГЩ
2026-02-22 08:54:05,956 - nexus_db_init - INFO - [ГЩЙІ] ГЩЙІСЌНгЕНЪ§ОнПт: nexus_storage\data\nexusai.db
2026-02-22 08:54:05,956 - nexus_db_init - INFO - [ЖСШЁ] ГЩЙІЖСШЁМмЙЙЮФМў: nexus_storage\sql\schema_simple.sql
2026-02-22 08:54:05,967 - nexus_db_init - INFO - [ГЩЙІ] Ъ§ОнПтМмЙЙДДНЈГЩЙІ
2026-02-22 08:54:05,968 - nexus_db_init - INFO - [бщжЄ] Ъ§ОнПтЭъећадбщжЄЭъГЩ
2026-02-22 08:54:05,968 - nexus_db_init - INFO - [БЈИц] ЩњГЩЪ§ОнПтадФмБЈИц
